<?xml version="1.0" encoding="UTF-8"?>
<testng-results ignored="0" total="1" passed="1" failed="0" skipped="0">
  <reporter-output>
  </reporter-output>
  <suite started-at="2022-04-01T19:03:54 IST" name="Default suite" finished-at="2022-04-01T19:04:12 IST" duration-ms="18171">
    <groups>
    </groups>
    <test started-at="2022-04-01T19:03:54 IST" name="Default test" finished-at="2022-04-01T19:04:12 IST" duration-ms="18171">
      <class name="org.TestngPrac.SeleniumBasicCodes.NavigationCode">
        <test-method signature="navigatingBackAndForward()[pri:0, instance:org.TestngPrac.SeleniumBasicCodes.NavigationCode@3a44431a]" started-at="2022-04-01T19:03:54 IST" name="navigatingBackAndForward" finished-at="2022-04-01T19:04:12 IST" duration-ms="18123" status="PASS">
          <reporter-output>
          </reporter-output>
        </test-method> <!-- navigatingBackAndForward -->
      </class> <!-- org.TestngPrac.SeleniumBasicCodes.NavigationCode -->
    </test> <!-- Default test -->
  </suite> <!-- Default suite -->
</testng-results>
