<?xml version="1.0" encoding="UTF-8"?>
<testng-results ignored="0" total="1" passed="1" failed="0" skipped="0">
  <reporter-output>
  </reporter-output>
  <suite started-at="2022-03-30T12:52:07 IST" name="Default suite" finished-at="2022-03-30T12:52:07 IST" duration-ms="44">
    <groups>
    </groups>
    <test started-at="2022-03-30T12:52:07 IST" name="Default test" finished-at="2022-03-30T12:52:07 IST" duration-ms="44">
      <class name="HelloSelenium">
        <test-method signature="hello()[pri:0, instance:HelloSelenium@5b03b9fe]" started-at="2022-03-30T12:52:07 IST" name="hello" finished-at="2022-03-30T12:52:07 IST" duration-ms="8" status="PASS">
          <reporter-output>
          </reporter-output>
        </test-method> <!-- hello -->
      </class> <!-- HelloSelenium -->
    </test> <!-- Default test -->
  </suite> <!-- Default suite -->
</testng-results>
